This is pdfTeX, Version 3.141592653-2.6-1.40.24 (MiKTeX 21.12) (preloaded format=pdflatex 2022.2.22)  19 AUG 2022 13:26
entering extended mode
 restricted \write18 enabled.
 %&-line parsing enabled.
**./Chapter3PracticeProblems1.tex
(Chapter3PracticeProblems1.tex
LaTeX2e <2021-11-15> patch level 1
L3 programming layer <2021-11-22>
(C:\Users\givensjr\AppData\Local\Programs\MiKTeX\tex/latex/base\article.cls
Document Class: article 2021/10/04 v1.4n Standard LaTeX document class
(C:\Users\givensjr\AppData\Local\Programs\MiKTeX\tex/latex/base\size10.clo
File: size10.clo 2021/10/04 v1.4n Standard LaTeX file (size option)
)
\c@part=\count183
\c@section=\count184
\c@subsection=\count185
\c@subsubsection=\count186
\c@paragraph=\count187
\c@subparagraph=\count188
\c@figure=\count189
\c@table=\count190
\abovecaptionskip=\skip47
\belowcaptionskip=\skip48
\bibindent=\dimen138
)
(C:\Users\givensjr\AppData\Local\Programs\MiKTeX\tex/latex/base\inputenc.sty
Package: inputenc 2021/02/14 v1.3d Input encoding file
\inpenc@prehook=\toks16
\inpenc@posthook=\toks17
)
(C:\Users\givensjr\AppData\Local\Programs\MiKTeX\tex/latex/geometry\geometry.st
y
Package: geometry 2020/01/02 v5.9 Page Geometry

(C:\Users\givensjr\AppData\Local\Programs\MiKTeX\tex/latex/graphics\keyval.sty
Package: keyval 2014/10/28 v1.15 key=value parser (DPC)
\KV@toks@=\toks18
) (C:\Users\givensjr\AppData\Local\Programs\MiKTeX\tex/generic/iftex\ifvtex.sty
Package: ifvtex 2019/10/25 v1.7 ifvtex legacy package. Use iftex instead.

(C:\Users\givensjr\AppData\Local\Programs\MiKTeX\tex/generic/iftex\iftex.sty
Package: iftex 2020/03/06 v1.0d TeX engine tests
))
\Gm@cnth=\count191
\Gm@cntv=\count192
\c@Gm@tempcnt=\count193
\Gm@bindingoffset=\dimen139
\Gm@wd@mp=\dimen140
\Gm@odd@mp=\dimen141
\Gm@even@mp=\dimen142
\Gm@layoutwidth=\dimen143
\Gm@layoutheight=\dimen144
\Gm@layouthoffset=\dimen145
\Gm@layoutvoffset=\dimen146
\Gm@dimlist=\toks19

(C:\Users\givensjr\AppData\Local\Programs\MiKTeX\tex/latex/geometry\geometry.cf
g))
(C:\Users\givensjr\AppData\Local\Programs\MiKTeX\tex/latex/amscls\amsthm.sty
Package: amsthm 2020/05/29 v2.20.6
\thm@style=\toks20
\thm@bodyfont=\toks21
\thm@headfont=\toks22
\thm@notefont=\toks23
\thm@headpunct=\toks24
\thm@preskip=\skip49
\thm@postskip=\skip50
\thm@headsep=\skip51
\dth@everypar=\toks25
)
(C:\Users\givensjr\AppData\Local\Programs\MiKTeX\tex/latex/graphics\graphicx.st
y
Package: graphicx 2021/09/16 v1.2d Enhanced LaTeX Graphics (DPC,SPQR)

(C:\Users\givensjr\AppData\Local\Programs\MiKTeX\tex/latex/graphics\graphics.st
y
Package: graphics 2021/03/04 v1.4d Standard LaTeX Graphics (DPC,SPQR)
 (C:\Users\givensjr\AppData\Local\Programs\MiKTeX\tex/latex/graphics\trig.sty
Package: trig 2021/08/11 v1.11 sin cos tan (DPC)
)
(C:\Users\givensjr\AppData\Local\Programs\MiKTeX\tex/latex/graphics-cfg\graphic
s.cfg
File: graphics.cfg 2016/06/04 v1.11 sample graphics configuration
)
Package graphics Info: Driver file: pdftex.def on input line 107.

(C:\Users\givensjr\AppData\Local\Programs\MiKTeX\tex/latex/graphics-def\pdftex.
def
File: pdftex.def 2020/10/05 v1.2a Graphics/color driver for pdftex
))
\Gin@req@height=\dimen147
\Gin@req@width=\dimen148
)
(C:\Users\givensjr\AppData\Local\Programs\MiKTeX\tex/latex/pgfplots\pgfplots.st
y
(C:\Users\givensjr\AppData\Local\Programs\MiKTeX\tex/generic/pgfplots\pgfplots.
revision.tex)
Package: pgfplots 2021/05/15 v1.18.1 Data Visualization (1.18.1)

(C:\Users\givensjr\AppData\Local\Programs\MiKTeX\tex/latex/pgf/frontendlayer\ti
kz.sty
(C:\Users\givensjr\AppData\Local\Programs\MiKTeX\tex/latex/pgf/basiclayer\pgf.s
ty
(C:\Users\givensjr\AppData\Local\Programs\MiKTeX\tex/latex/pgf/utilities\pgfrcs
.sty
(C:\Users\givensjr\AppData\Local\Programs\MiKTeX\tex/generic/pgf/utilities\pgfu
til-common.tex
\pgfutil@everybye=\toks26
\pgfutil@tempdima=\dimen149
\pgfutil@tempdimb=\dimen150

(C:\Users\givensjr\AppData\Local\Programs\MiKTeX\tex/generic/pgf/utilities\pgfu
til-common-lists.tex))
(C:\Users\givensjr\AppData\Local\Programs\MiKTeX\tex/generic/pgf/utilities\pgfu
til-latex.def
\pgfutil@abb=\box50
)
(C:\Users\givensjr\AppData\Local\Programs\MiKTeX\tex/generic/pgf/utilities\pgfr
cs.code.tex
(C:\Users\givensjr\AppData\Local\Programs\MiKTeX\tex/generic/pgf\pgf.revision.t
ex)
Package: pgfrcs 2021/05/15 v3.1.9a (3.1.9a)
))
Package: pgf 2021/05/15 v3.1.9a (3.1.9a)

(C:\Users\givensjr\AppData\Local\Programs\MiKTeX\tex/latex/pgf/basiclayer\pgfco
re.sty
(C:\Users\givensjr\AppData\Local\Programs\MiKTeX\tex/latex/pgf/systemlayer\pgfs
ys.sty
(C:\Users\givensjr\AppData\Local\Programs\MiKTeX\tex/generic/pgf/systemlayer\pg
fsys.code.tex
Package: pgfsys 2021/05/15 v3.1.9a (3.1.9a)

(C:\Users\givensjr\AppData\Local\Programs\MiKTeX\tex/generic/pgf/utilities\pgfk
eys.code.tex
\pgfkeys@pathtoks=\toks27
\pgfkeys@temptoks=\toks28

(C:\Users\givensjr\AppData\Local\Programs\MiKTeX\tex/generic/pgf/utilities\pgfk
eysfiltered.code.tex
\pgfkeys@tmptoks=\toks29
))
\pgf@x=\dimen151
\pgf@y=\dimen152
\pgf@xa=\dimen153
\pgf@ya=\dimen154
\pgf@xb=\dimen155
\pgf@yb=\dimen156
\pgf@xc=\dimen157
\pgf@yc=\dimen158
\pgf@xd=\dimen159
\pgf@yd=\dimen160
\w@pgf@writea=\write3
\r@pgf@reada=\read2
\c@pgf@counta=\count194
\c@pgf@countb=\count195
\c@pgf@countc=\count196
\c@pgf@countd=\count197
\t@pgf@toka=\toks30
\t@pgf@tokb=\toks31
\t@pgf@tokc=\toks32
\pgf@sys@id@count=\count198

(C:\Users\givensjr\AppData\Local\Programs\MiKTeX\tex/generic/pgf/systemlayer\pg
f.cfg
File: pgf.cfg 2021/05/15 v3.1.9a (3.1.9a)
)
Driver file for pgf: pgfsys-pdftex.def

(C:\Users\givensjr\AppData\Local\Programs\MiKTeX\tex/generic/pgf/systemlayer\pg
fsys-pdftex.def
File: pgfsys-pdftex.def 2021/05/15 v3.1.9a (3.1.9a)

(C:\Users\givensjr\AppData\Local\Programs\MiKTeX\tex/generic/pgf/systemlayer\pg
fsys-common-pdf.def
File: pgfsys-common-pdf.def 2021/05/15 v3.1.9a (3.1.9a)
)))
(C:\Users\givensjr\AppData\Local\Programs\MiKTeX\tex/generic/pgf/systemlayer\pg
fsyssoftpath.code.tex
File: pgfsyssoftpath.code.tex 2021/05/15 v3.1.9a (3.1.9a)
\pgfsyssoftpath@smallbuffer@items=\count199
\pgfsyssoftpath@bigbuffer@items=\count266
)
(C:\Users\givensjr\AppData\Local\Programs\MiKTeX\tex/generic/pgf/systemlayer\pg
fsysprotocol.code.tex
File: pgfsysprotocol.code.tex 2021/05/15 v3.1.9a (3.1.9a)
))
(C:\Users\givensjr\AppData\Local\Programs\MiKTeX\tex/latex/xcolor\xcolor.sty
Package: xcolor 2021/10/31 v2.13 LaTeX color extensions (UK)

(C:\Users\givensjr\AppData\Local\Programs\MiKTeX\tex/latex/graphics-cfg\color.c
fg
File: color.cfg 2016/01/02 v1.6 sample color configuration
)
Package xcolor Info: Driver file: pdftex.def on input line 227.
Package xcolor Info: Model `cmy' substituted by `cmy0' on input line 1352.
Package xcolor Info: Model `hsb' substituted by `rgb' on input line 1356.
Package xcolor Info: Model `RGB' extended on input line 1368.
Package xcolor Info: Model `HTML' substituted by `rgb' on input line 1370.
Package xcolor Info: Model `Hsb' substituted by `hsb' on input line 1371.
Package xcolor Info: Model `tHsb' substituted by `hsb' on input line 1372.
Package xcolor Info: Model `HSB' substituted by `hsb' on input line 1373.
Package xcolor Info: Model `Gray' substituted by `gray' on input line 1374.
Package xcolor Info: Model `wave' substituted by `hsb' on input line 1375.
)
(C:\Users\givensjr\AppData\Local\Programs\MiKTeX\tex/generic/pgf/basiclayer\pgf
core.code.tex
Package: pgfcore 2021/05/15 v3.1.9a (3.1.9a)

(C:\Users\givensjr\AppData\Local\Programs\MiKTeX\tex/generic/pgf/math\pgfmath.c
ode.tex
(C:\Users\givensjr\AppData\Local\Programs\MiKTeX\tex/generic/pgf/math\pgfmathca
lc.code.tex
(C:\Users\givensjr\AppData\Local\Programs\MiKTeX\tex/generic/pgf/math\pgfmathut
il.code.tex)
(C:\Users\givensjr\AppData\Local\Programs\MiKTeX\tex/generic/pgf/math\pgfmathpa
rser.code.tex
\pgfmath@dimen=\dimen161
\pgfmath@count=\count267
\pgfmath@box=\box51
\pgfmath@toks=\toks33
\pgfmath@stack@operand=\toks34
\pgfmath@stack@operation=\toks35
)
(C:\Users\givensjr\AppData\Local\Programs\MiKTeX\tex/generic/pgf/math\pgfmathfu
nctions.code.tex
(C:\Users\givensjr\AppData\Local\Programs\MiKTeX\tex/generic/pgf/math\pgfmathfu
nctions.basic.code.tex)
(C:\Users\givensjr\AppData\Local\Programs\MiKTeX\tex/generic/pgf/math\pgfmathfu
nctions.trigonometric.code.tex)
(C:\Users\givensjr\AppData\Local\Programs\MiKTeX\tex/generic/pgf/math\pgfmathfu
nctions.random.code.tex)
(C:\Users\givensjr\AppData\Local\Programs\MiKTeX\tex/generic/pgf/math\pgfmathfu
nctions.comparison.code.tex)
(C:\Users\givensjr\AppData\Local\Programs\MiKTeX\tex/generic/pgf/math\pgfmathfu
nctions.base.code.tex)
(C:\Users\givensjr\AppData\Local\Programs\MiKTeX\tex/generic/pgf/math\pgfmathfu
nctions.round.code.tex)
(C:\Users\givensjr\AppData\Local\Programs\MiKTeX\tex/generic/pgf/math\pgfmathfu
nctions.misc.code.tex)
(C:\Users\givensjr\AppData\Local\Programs\MiKTeX\tex/generic/pgf/math\pgfmathfu
nctions.integerarithmetics.code.tex)))
(C:\Users\givensjr\AppData\Local\Programs\MiKTeX\tex/generic/pgf/math\pgfmathfl
oat.code.tex
\c@pgfmathroundto@lastzeros=\count268
))
(C:\Users\givensjr\AppData\Local\Programs\MiKTeX\tex/generic/pgf/math\pgfint.co
de.tex)
(C:\Users\givensjr\AppData\Local\Programs\MiKTeX\tex/generic/pgf/basiclayer\pgf
corepoints.code.tex
File: pgfcorepoints.code.tex 2021/05/15 v3.1.9a (3.1.9a)
\pgf@picminx=\dimen162
\pgf@picmaxx=\dimen163
\pgf@picminy=\dimen164
\pgf@picmaxy=\dimen165
\pgf@pathminx=\dimen166
\pgf@pathmaxx=\dimen167
\pgf@pathminy=\dimen168
\pgf@pathmaxy=\dimen169
\pgf@xx=\dimen170
\pgf@xy=\dimen171
\pgf@yx=\dimen172
\pgf@yy=\dimen173
\pgf@zx=\dimen174
\pgf@zy=\dimen175
)
(C:\Users\givensjr\AppData\Local\Programs\MiKTeX\tex/generic/pgf/basiclayer\pgf
corepathconstruct.code.tex
File: pgfcorepathconstruct.code.tex 2021/05/15 v3.1.9a (3.1.9a)
\pgf@path@lastx=\dimen176
\pgf@path@lasty=\dimen177
)
(C:\Users\givensjr\AppData\Local\Programs\MiKTeX\tex/generic/pgf/basiclayer\pgf
corepathusage.code.tex
File: pgfcorepathusage.code.tex 2021/05/15 v3.1.9a (3.1.9a)
\pgf@shorten@end@additional=\dimen178
\pgf@shorten@start@additional=\dimen179
)
(C:\Users\givensjr\AppData\Local\Programs\MiKTeX\tex/generic/pgf/basiclayer\pgf
corescopes.code.tex
File: pgfcorescopes.code.tex 2021/05/15 v3.1.9a (3.1.9a)
\pgfpic=\box52
\pgf@hbox=\box53
\pgf@layerbox@main=\box54
\pgf@picture@serial@count=\count269
)
(C:\Users\givensjr\AppData\Local\Programs\MiKTeX\tex/generic/pgf/basiclayer\pgf
coregraphicstate.code.tex
File: pgfcoregraphicstate.code.tex 2021/05/15 v3.1.9a (3.1.9a)
\pgflinewidth=\dimen180
)
(C:\Users\givensjr\AppData\Local\Programs\MiKTeX\tex/generic/pgf/basiclayer\pgf
coretransformations.code.tex
File: pgfcoretransformations.code.tex 2021/05/15 v3.1.9a (3.1.9a)
\pgf@pt@x=\dimen181
\pgf@pt@y=\dimen182
\pgf@pt@temp=\dimen183
)
(C:\Users\givensjr\AppData\Local\Programs\MiKTeX\tex/generic/pgf/basiclayer\pgf
corequick.code.tex
File: pgfcorequick.code.tex 2021/05/15 v3.1.9a (3.1.9a)
)
(C:\Users\givensjr\AppData\Local\Programs\MiKTeX\tex/generic/pgf/basiclayer\pgf
coreobjects.code.tex
File: pgfcoreobjects.code.tex 2021/05/15 v3.1.9a (3.1.9a)
)
(C:\Users\givensjr\AppData\Local\Programs\MiKTeX\tex/generic/pgf/basiclayer\pgf
corepathprocessing.code.tex
File: pgfcorepathprocessing.code.tex 2021/05/15 v3.1.9a (3.1.9a)
)
(C:\Users\givensjr\AppData\Local\Programs\MiKTeX\tex/generic/pgf/basiclayer\pgf
corearrows.code.tex
File: pgfcorearrows.code.tex 2021/05/15 v3.1.9a (3.1.9a)
\pgfarrowsep=\dimen184
)
(C:\Users\givensjr\AppData\Local\Programs\MiKTeX\tex/generic/pgf/basiclayer\pgf
coreshade.code.tex
File: pgfcoreshade.code.tex 2021/05/15 v3.1.9a (3.1.9a)
\pgf@max=\dimen185
\pgf@sys@shading@range@num=\count270
\pgf@shadingcount=\count271
)
(C:\Users\givensjr\AppData\Local\Programs\MiKTeX\tex/generic/pgf/basiclayer\pgf
coreimage.code.tex
File: pgfcoreimage.code.tex 2021/05/15 v3.1.9a (3.1.9a)

(C:\Users\givensjr\AppData\Local\Programs\MiKTeX\tex/generic/pgf/basiclayer\pgf
coreexternal.code.tex
File: pgfcoreexternal.code.tex 2021/05/15 v3.1.9a (3.1.9a)
\pgfexternal@startupbox=\box55
))
(C:\Users\givensjr\AppData\Local\Programs\MiKTeX\tex/generic/pgf/basiclayer\pgf
corelayers.code.tex
File: pgfcorelayers.code.tex 2021/05/15 v3.1.9a (3.1.9a)
)
(C:\Users\givensjr\AppData\Local\Programs\MiKTeX\tex/generic/pgf/basiclayer\pgf
coretransparency.code.tex
File: pgfcoretransparency.code.tex 2021/05/15 v3.1.9a (3.1.9a)
)
(C:\Users\givensjr\AppData\Local\Programs\MiKTeX\tex/generic/pgf/basiclayer\pgf
corepatterns.code.tex
File: pgfcorepatterns.code.tex 2021/05/15 v3.1.9a (3.1.9a)
)
(C:\Users\givensjr\AppData\Local\Programs\MiKTeX\tex/generic/pgf/basiclayer\pgf
corerdf.code.tex
File: pgfcorerdf.code.tex 2021/05/15 v3.1.9a (3.1.9a)
)))
(C:\Users\givensjr\AppData\Local\Programs\MiKTeX\tex/generic/pgf/modules\pgfmod
uleshapes.code.tex
File: pgfmoduleshapes.code.tex 2021/05/15 v3.1.9a (3.1.9a)
\pgfnodeparttextbox=\box56
)
(C:\Users\givensjr\AppData\Local\Programs\MiKTeX\tex/generic/pgf/modules\pgfmod
uleplot.code.tex
File: pgfmoduleplot.code.tex 2021/05/15 v3.1.9a (3.1.9a)
)
(C:\Users\givensjr\AppData\Local\Programs\MiKTeX\tex/latex/pgf/compatibility\pg
fcomp-version-0-65.sty
Package: pgfcomp-version-0-65 2021/05/15 v3.1.9a (3.1.9a)
\pgf@nodesepstart=\dimen186
\pgf@nodesepend=\dimen187
)
(C:\Users\givensjr\AppData\Local\Programs\MiKTeX\tex/latex/pgf/compatibility\pg
fcomp-version-1-18.sty
Package: pgfcomp-version-1-18 2021/05/15 v3.1.9a (3.1.9a)
))
(C:\Users\givensjr\AppData\Local\Programs\MiKTeX\tex/latex/pgf/utilities\pgffor
.sty
(C:\Users\givensjr\AppData\Local\Programs\MiKTeX\tex/latex/pgf/utilities\pgfkey
s.sty
(C:\Users\givensjr\AppData\Local\Programs\MiKTeX\tex/generic/pgf/utilities\pgfk
eys.code.tex))
(C:\Users\givensjr\AppData\Local\Programs\MiKTeX\tex/latex/pgf/math\pgfmath.sty

(C:\Users\givensjr\AppData\Local\Programs\MiKTeX\tex/generic/pgf/math\pgfmath.c
ode.tex))
(C:\Users\givensjr\AppData\Local\Programs\MiKTeX\tex/generic/pgf/utilities\pgff
or.code.tex
Package: pgffor 2021/05/15 v3.1.9a (3.1.9a)

(C:\Users\givensjr\AppData\Local\Programs\MiKTeX\tex/generic/pgf/math\pgfmath.c
ode.tex)
\pgffor@iter=\dimen188
\pgffor@skip=\dimen189
\pgffor@stack=\toks36
\pgffor@toks=\toks37
))
(C:\Users\givensjr\AppData\Local\Programs\MiKTeX\tex/generic/pgf/frontendlayer/
tikz\tikz.code.tex
Package: tikz 2021/05/15 v3.1.9a (3.1.9a)

(C:\Users\givensjr\AppData\Local\Programs\MiKTeX\tex/generic/pgf/libraries\pgfl
ibraryplothandlers.code.tex
File: pgflibraryplothandlers.code.tex 2021/05/15 v3.1.9a (3.1.9a)
\pgf@plot@mark@count=\count272
\pgfplotmarksize=\dimen190
)
\tikz@lastx=\dimen191
\tikz@lasty=\dimen192
\tikz@lastxsaved=\dimen193
\tikz@lastysaved=\dimen194
\tikz@lastmovetox=\dimen195
\tikz@lastmovetoy=\dimen196
\tikzleveldistance=\dimen197
\tikzsiblingdistance=\dimen198
\tikz@figbox=\box57
\tikz@figbox@bg=\box58
\tikz@tempbox=\box59
\tikz@tempbox@bg=\box60
\tikztreelevel=\count273
\tikznumberofchildren=\count274
\tikznumberofcurrentchild=\count275
\tikz@fig@count=\count276

(C:\Users\givensjr\AppData\Local\Programs\MiKTeX\tex/generic/pgf/modules\pgfmod
ulematrix.code.tex
File: pgfmodulematrix.code.tex 2021/05/15 v3.1.9a (3.1.9a)
\pgfmatrixcurrentrow=\count277
\pgfmatrixcurrentcolumn=\count278
\pgf@matrix@numberofcolumns=\count279
)
\tikz@expandcount=\count280

(C:\Users\givensjr\AppData\Local\Programs\MiKTeX\tex/generic/pgf/frontendlayer/
tikz/libraries\tikzlibrarytopaths.code.tex
File: tikzlibrarytopaths.code.tex 2021/05/15 v3.1.9a (3.1.9a)
)))
(C:\Users\givensjr\AppData\Local\Programs\MiKTeX\tex/generic/pgfplots\pgfplots.
code.tex
(C:\Users\givensjr\AppData\Local\Programs\MiKTeX\tex/generic/pgfplots\pgfplotsc
ore.code.tex
\t@pgfplots@toka=\toks38
\t@pgfplots@tokb=\toks39
\t@pgfplots@tokc=\toks40
\pgfplots@tmpa=\dimen199
\c@pgfplots@coordindex=\count281
\c@pgfplots@scanlineindex=\count282

(C:\Users\givensjr\AppData\Local\Programs\MiKTeX\tex/generic/pgfplots/sys\pgfpl
otssysgeneric.code.tex))
(C:\Users\givensjr\AppData\Local\Programs\MiKTeX\tex/generic/pgfplots/libs\pgfp
lotslibrary.code.tex)
(C:\Users\givensjr\AppData\Local\Programs\MiKTeX\tex/generic/pgfplots/oldpgfcom
patib\pgfplotsoldpgfsupp_loader.code.tex
(C:\Users\givensjr\AppData\Local\Programs\MiKTeX\tex/generic/pgf/libraries\pgfl
ibraryfpu.code.tex))
(C:\Users\givensjr\AppData\Local\Programs\MiKTeX\tex/generic/pgfplots/util\pgfp
lotsutil.code.tex
(C:\Users\givensjr\AppData\Local\Programs\MiKTeX\tex/generic/pgfplots/liststruc
ture\pgfplotsliststructure.code.tex)
(C:\Users\givensjr\AppData\Local\Programs\MiKTeX\tex/generic/pgfplots/liststruc
ture\pgfplotsliststructureext.code.tex)
(C:\Users\givensjr\AppData\Local\Programs\MiKTeX\tex/generic/pgfplots/liststruc
ture\pgfplotsarray.code.tex
\c@pgfplotsarray@tmp=\count283
)
(C:\Users\givensjr\AppData\Local\Programs\MiKTeX\tex/generic/pgfplots/liststruc
ture\pgfplotsmatrix.code.tex)
(C:\Users\givensjr\AppData\Local\Programs\MiKTeX\tex/generic/pgfplots/numtable\
pgfplotstableshared.code.tex
\c@pgfplotstable@counta=\count284
\t@pgfplotstable@a=\toks41
)
(C:\Users\givensjr\AppData\Local\Programs\MiKTeX\tex/generic/pgfplots/liststruc
ture\pgfplotsdeque.code.tex)
(C:\Users\givensjr\AppData\Local\Programs\MiKTeX\tex/generic/pgfplots/util\pgfp
lotsbinary.code.tex
(C:\Users\givensjr\AppData\Local\Programs\MiKTeX\tex/generic/pgfplots/util\pgfp
lotsbinary.data.code.tex))
(C:\Users\givensjr\AppData\Local\Programs\MiKTeX\tex/generic/pgfplots/util\pgfp
lotsutil.verb.code.tex)
(C:\Users\givensjr\AppData\Local\Programs\MiKTeX\tex/generic/pgfplots/libs\pgfl
ibrarypgfplots.surfshading.code.tex
\c@pgfplotslibrarysurf@no=\count285

(C:\Users\givensjr\AppData\Local\Programs\MiKTeX\tex/generic/pgfplots/sys\pgfli
brarypgfplots.surfshading.pgfsys-pdftex.def)))
(C:\Users\givensjr\AppData\Local\Programs\MiKTeX\tex/generic/pgfplots/util\pgfp
lotscolormap.code.tex
(C:\Users\givensjr\AppData\Local\Programs\MiKTeX\tex/generic/pgfplots/util\pgfp
lotscolor.code.tex))
(C:\Users\givensjr\AppData\Local\Programs\MiKTeX\tex/generic/pgfplots\pgfplotss
tackedplots.code.tex)
(C:\Users\givensjr\AppData\Local\Programs\MiKTeX\tex/generic/pgfplots\pgfplotsp
lothandlers.code.tex
(C:\Users\givensjr\AppData\Local\Programs\MiKTeX\tex/generic/pgfplots\pgfplotsm
eshplothandler.code.tex
(C:\Users\givensjr\AppData\Local\Programs\MiKTeX\tex/generic/pgfplots\pgfplotsm
eshplotimage.code.tex)))
(C:\Users\givensjr\AppData\Local\Programs\MiKTeX\tex/generic/pgfplots\pgfplots.
scaling.code.tex)
(C:\Users\givensjr\AppData\Local\Programs\MiKTeX\tex/generic/pgfplots\pgfplotsc
oordprocessing.code.tex)
(C:\Users\givensjr\AppData\Local\Programs\MiKTeX\tex/generic/pgfplots\pgfplots.
errorbars.code.tex)
(C:\Users\givensjr\AppData\Local\Programs\MiKTeX\tex/generic/pgfplots\pgfplots.
markers.code.tex)
(C:\Users\givensjr\AppData\Local\Programs\MiKTeX\tex/generic/pgfplots\pgfplotst
icks.code.tex)
(C:\Users\givensjr\AppData\Local\Programs\MiKTeX\tex/generic/pgfplots\pgfplots.
paths.code.tex)
(C:\Users\givensjr\AppData\Local\Programs\MiKTeX\tex/generic/pgf/frontendlayer/
tikz/libraries\tikzlibrarydecorations.code.tex
(C:\Users\givensjr\AppData\Local\Programs\MiKTeX\tex/generic/pgf/modules\pgfmod
uledecorations.code.tex
\pgfdecoratedcompleteddistance=\dimen256
\pgfdecoratedremainingdistance=\dimen257
\pgfdecoratedinputsegmentcompleteddistance=\dimen258
\pgfdecoratedinputsegmentremainingdistance=\dimen259
\pgf@decorate@distancetomove=\dimen260
\pgf@decorate@repeatstate=\count286
\pgfdecorationsegmentamplitude=\dimen261
\pgfdecorationsegmentlength=\dimen262
)
\tikz@lib@dec@box=\box61
)
(C:\Users\givensjr\AppData\Local\Programs\MiKTeX\tex/generic/pgf/frontendlayer/
tikz/libraries\tikzlibrarydecorations.pathmorphing.code.tex
(C:\Users\givensjr\AppData\Local\Programs\MiKTeX\tex/generic/pgf/libraries/deco
rations\pgflibrarydecorations.pathmorphing.code.tex))
(C:\Users\givensjr\AppData\Local\Programs\MiKTeX\tex/generic/pgf/frontendlayer/
tikz/libraries\tikzlibrarydecorations.pathreplacing.code.tex
(C:\Users\givensjr\AppData\Local\Programs\MiKTeX\tex/generic/pgf/libraries/deco
rations\pgflibrarydecorations.pathreplacing.code.tex))
(C:\Users\givensjr\AppData\Local\Programs\MiKTeX\tex/generic/pgfplots/libs\tikz
librarypgfplots.contourlua.code.tex)
\pgfplots@numplots=\count287
\pgfplots@xmin@reg=\dimen263
\pgfplots@xmax@reg=\dimen264
\pgfplots@ymin@reg=\dimen265
\pgfplots@ymax@reg=\dimen266
\pgfplots@zmin@reg=\dimen267
\pgfplots@zmax@reg=\dimen268
)
(C:\Users\givensjr\AppData\Local\Programs\MiKTeX\tex/generic/pgf/frontendlayer/
tikz/libraries\tikzlibraryplotmarks.code.tex
File: tikzlibraryplotmarks.code.tex 2021/05/15 v3.1.9a (3.1.9a)

(C:\Users\givensjr\AppData\Local\Programs\MiKTeX\tex/generic/pgf/libraries\pgfl
ibraryplotmarks.code.tex
File: pgflibraryplotmarks.code.tex 2021/05/15 v3.1.9a (3.1.9a)
)))
(C:\Users\givensjr\AppData\Local\Programs\MiKTeX\tex/generic/babel\babel.sty
Package: babel 2021/11/29 3.67 The Babel package
\babel@savecnt=\count288
\U@D=\dimen269
\l@unhyphenated=\language79

(C:\Users\givensjr\AppData\Local\Programs\MiKTeX\tex/generic/babel\txtbabel.def
)
\bbl@readstream=\read3
\bbl@dirlevel=\count289

*************************************
* Local config file bblopts.cfg used
*
(C:\Users\givensjr\AppData\Local\Programs\MiKTeX\tex/latex/arabi\bblopts.cfg
File: bblopts.cfg 2005/09/08 v0.1 add Arabic and Farsi to "declared" options of
 babel
)
(C:\Users\givensjr\AppData\Local\Programs\MiKTeX\tex/latex/babel-english\englis
h.ldf
Language: english 2017/06/06 v3.3r English support from the babel system
Package babel Info: Hyphen rules for 'canadian' set to \l@english
(babel)             (\language0). Reported on input line 102.
Package babel Info: Hyphen rules for 'australian' set to \l@ukenglish
(babel)             (\language73). Reported on input line 105.
Package babel Info: Hyphen rules for 'newzealand' set to \l@ukenglish
(babel)             (\language73). Reported on input line 108.
))

Package amsthm Warning: Unknown theoremstyle `theorem' on input line 14.

\c@theorem=\count290
\c@lemma=\count291
\c@corollary=\count292
\c@case=\count293
\c@definition=\count294
\c@remark=\count295

(C:\Users\givensjr\AppData\Local\Programs\MiKTeX\tex/latex/mathtools\mathtools.
sty
Package: mathtools 2022/02/07 v1.28a mathematical typesetting tools
 (C:\Users\givensjr\AppData\Local\Programs\MiKTeX\tex/latex/tools\calc.sty
Package: calc 2017/05/25 v4.3 Infix arithmetic (KKT,FJ)
\calc@Acount=\count296
\calc@Bcount=\count297
\calc@Adimen=\dimen270
\calc@Bdimen=\dimen271
\calc@Askip=\skip52
\calc@Bskip=\skip53
LaTeX Info: Redefining \setlength on input line 80.
LaTeX Info: Redefining \addtolength on input line 81.
\calc@Ccount=\count298
\calc@Cskip=\skip54
)
(C:\Users\givensjr\AppData\Local\Programs\MiKTeX\tex/latex/mathtools\mhsetup.st
y
Package: mhsetup 2021/03/18 v1.4 programming setup (MH)
)
(C:\Users\givensjr\AppData\Local\Programs\MiKTeX\tex/latex/amsmath\amsmath.sty
Package: amsmath 2021/10/15 v2.17l AMS math features
\@mathmargin=\skip55

For additional information on amsmath, use the `?' option.
(C:\Users\givensjr\AppData\Local\Programs\MiKTeX\tex/latex/amsmath\amstext.sty
Package: amstext 2021/08/26 v2.01 AMS text

(C:\Users\givensjr\AppData\Local\Programs\MiKTeX\tex/latex/amsmath\amsgen.sty
File: amsgen.sty 1999/11/30 v2.0 generic functions
\@emptytoks=\toks42
\ex@=\dimen272
)) (C:\Users\givensjr\AppData\Local\Programs\MiKTeX\tex/latex/amsmath\amsbsy.st
y
Package: amsbsy 1999/11/29 v1.2d Bold Symbols
\pmbraise@=\dimen273
) (C:\Users\givensjr\AppData\Local\Programs\MiKTeX\tex/latex/amsmath\amsopn.sty
Package: amsopn 2021/08/26 v2.02 operator names
)
\inf@bad=\count299
LaTeX Info: Redefining \frac on input line 234.
\uproot@=\count300
\leftroot@=\count301
LaTeX Info: Redefining \overline on input line 399.
\classnum@=\count302
\DOTSCASE@=\count303
LaTeX Info: Redefining \ldots on input line 496.
LaTeX Info: Redefining \dots on input line 499.
LaTeX Info: Redefining \cdots on input line 620.
\Mathstrutbox@=\box62
\strutbox@=\box63
\big@size=\dimen274
LaTeX Font Info:    Redeclaring font encoding OML on input line 743.
LaTeX Font Info:    Redeclaring font encoding OMS on input line 744.
\macc@depth=\count304
\c@MaxMatrixCols=\count305
\dotsspace@=\muskip16
\c@parentequation=\count306
\dspbrk@lvl=\count307
\tag@help=\toks43
\row@=\count308
\column@=\count309
\maxfields@=\count310
\andhelp@=\toks44
\eqnshift@=\dimen275
\alignsep@=\dimen276
\tagshift@=\dimen277
\tagwidth@=\dimen278
\totwidth@=\dimen279
\lineht@=\dimen280
\@envbody=\toks45
\multlinegap=\skip56
\multlinetaggap=\skip57
\mathdisplay@stack=\toks46
LaTeX Info: Redefining \[ on input line 2938.
LaTeX Info: Redefining \] on input line 2939.
)
\g_MT_multlinerow_int=\count311
\l_MT_multwidth_dim=\dimen281
\origjot=\skip58
\l_MT_shortvdotswithinadjustabove_dim=\dimen282
\l_MT_shortvdotswithinadjustbelow_dim=\dimen283
\l_MT_above_intertext_sep=\dimen284
\l_MT_below_intertext_sep=\dimen285
\l_MT_above_shortintertext_sep=\dimen286
\l_MT_below_shortintertext_sep=\dimen287
\xmathstrut@box=\box64
\xmathstrut@dim=\dimen288
)
(C:\Users\givensjr\AppData\Local\Programs\MiKTeX\tex/latex/amsfonts\amsfonts.st
y
Package: amsfonts 2013/01/14 v3.01 Basic AMSFonts support
\symAMSa=\mathgroup4
\symAMSb=\mathgroup5
LaTeX Font Info:    Redeclaring math symbol \hbar on input line 98.
LaTeX Font Info:    Overwriting math alphabet `\mathfrak' in version `bold'
(Font)                  U/euf/m/n --> U/euf/b/n on input line 106.
)
(C:\Users\givensjr\AppData\Local\Programs\MiKTeX\tex/latex/amsfonts\amssymb.sty
Package: amssymb 2013/01/14 v3.01 AMS font symbols
)
(C:\Users\givensjr\AppData\Local\Programs\MiKTeX\tex/latex/fancyhdr\fancyhdr.st
y
Package: fancyhdr 2021/01/28 v4.0.1 Extensive control of page headers and foote
rs
\f@nch@headwidth=\skip59
\f@nch@O@elh=\skip60
\f@nch@O@erh=\skip61
\f@nch@O@olh=\skip62
\f@nch@O@orh=\skip63
\f@nch@O@elf=\skip64
\f@nch@O@erf=\skip65
\f@nch@O@olf=\skip66
\f@nch@O@orf=\skip67
)
(C:\Users\givensjr\AppData\Local\Programs\MiKTeX\tex/latex/fundus-calligra\call
igra.sty
Package: calligra 2012/04/10 v1.9 LaTeX package calligra
)
(C:\Users\givensjr\AppData\Local\Programs\MiKTeX\tex/latex/l3backend\l3backend-
pdftex.def
File: l3backend-pdftex.def 2021-10-18 L3 backend support: PDF output (pdfTeX)
\l__color_backend_stack_int=\count312
\l__pdf_internal_box=\box65
) (Chapter3PracticeProblems1.aux)
\openout1 = `Chapter3PracticeProblems1.aux'.

LaTeX Font Info:    Checking defaults for OML/cmm/m/it on input line 71.
LaTeX Font Info:    ... okay on input line 71.
LaTeX Font Info:    Checking defaults for OMS/cmsy/m/n on input line 71.
LaTeX Font Info:    ... okay on input line 71.
LaTeX Font Info:    Checking defaults for OT1/cmr/m/n on input line 71.
LaTeX Font Info:    ... okay on input line 71.
LaTeX Font Info:    Checking defaults for T1/cmr/m/n on input line 71.
LaTeX Font Info:    ... okay on input line 71.
LaTeX Font Info:    Checking defaults for TS1/cmr/m/n on input line 71.
LaTeX Font Info:    ... okay on input line 71.
LaTeX Font Info:    Checking defaults for OMX/cmex/m/n on input line 71.
LaTeX Font Info:    ... okay on input line 71.
LaTeX Font Info:    Checking defaults for U/cmr/m/n on input line 71.
LaTeX Font Info:    ... okay on input line 71.

*geometry* driver: auto-detecting
*geometry* detected driver: pdftex
*geometry* verbose mode - [ preamble ] result:
* driver: pdftex
* paper: a4paper
* layout: <same size as paper>
* layoutoffset:(h,v)=(0.0pt,0.0pt)
* modes: 
* h-part:(L,W,R)=(54.2025pt, 489.10287pt, 54.2025pt)
* v-part:(T,H,B)=(72.26999pt, 700.50687pt, 72.26999pt)
* \paperwidth=597.50787pt
* \paperheight=845.04684pt
* \textwidth=489.10287pt
* \textheight=700.50687pt
* \oddsidemargin=-18.06749pt
* \evensidemargin=-18.06749pt
* \topmargin=-37.0pt
* \headheight=12.0pt
* \headsep=18.06749pt
* \topskip=10.0pt
* \footskip=30.0pt
* \marginparwidth=57.0pt
* \marginparsep=11.0pt
* \columnsep=10.0pt
* \skip\footins=9.0pt plus 4.0pt minus 2.0pt
* \hoffset=0.0pt
* \voffset=0.0pt
* \mag=1000
* \@twocolumnfalse
* \@twosidefalse
* \@mparswitchfalse
* \@reversemarginfalse
* (1in=72.27pt=25.4mm, 1cm=28.453pt)


(C:\Users\givensjr\AppData\Local\Programs\MiKTeX\tex/context/base/mkii\supp-pdf
.mkii
[Loading MPS to PDF converter (version 2006.09.02).]
\scratchcounter=\count313
\scratchdimen=\dimen289
\scratchbox=\box66
\nofMPsegments=\count314
\nofMParguments=\count315
\everyMPshowfont=\toks47
\MPscratchCnt=\count316
\MPscratchDim=\dimen290
\MPnumerator=\count317
\makeMPintoPDFobject=\count318
\everyMPtoPDFconversion=\toks48
)
(C:\Users\givensjr\AppData\Local\Programs\MiKTeX\tex/latex/epstopdf-pkg\epstopd
f-base.sty
Package: epstopdf-base 2020-01-24 v2.11 Base part for package epstopdf
Package epstopdf-base Info: Redefining graphics rule for `.eps' on input line 4
85.

(C:\Users\givensjr\AppData\Local\Programs\MiKTeX\tex/latex/00miktex\epstopdf-sy
s.cfg
File: epstopdf-sys.cfg 2021/03/18 v2.0 Configuration of epstopdf for MiKTeX
))

Package pgfplots Warning: running in backwards compatibility mode (unsuitable t
ick labels; missing features). Consider writing \pgfplotsset{compat=1.18} into 
your preamble.
 on input line 71.

LaTeX Font Info:    Trying to load font information for U+msa on input line 73.

(C:\Users\givensjr\AppData\Local\Programs\MiKTeX\tex/latex/amsfonts\umsa.fd
File: umsa.fd 2013/01/14 v3.01 AMS symbols A
)
LaTeX Font Info:    Trying to load font information for U+msb on input line 73.


(C:\Users\givensjr\AppData\Local\Programs\MiKTeX\tex/latex/amsfonts\umsb.fd
File: umsb.fd 2013/01/14 v3.01 AMS symbols B
)
[1{C:/Users/givensjr/AppData/Local/MiKTeX/fonts/map/pdftex/pdftex.map}

]
(Chapter3PracticeProblems1.aux) ) 
Here is how much of TeX's memory you used:
 25399 strings out of 478659
 649027 string characters out of 2844498
 1025518 words of memory out of 3000000
 43108 multiletter control sequences out of 15000+600000
 406331 words of font info for 39 fonts, out of 8000000 for 9000
 1141 hyphenation exceptions out of 8191
 99i,11n,103p,723b,609s stack positions out of 5000i,500n,10000p,200000b,80000s
<C:/Users/givensjr/AppData/Local/Programs/MiKT
eX/fonts/type1/public/amsfonts/cm/cmbx12.pfb><C:/Users/givensjr/AppData/Local/P
rograms/MiKTeX/fonts/type1/public/amsfonts/cm/cmmi10.pfb><C:/Users/givensjr/App
Data/Local/Programs/MiKTeX/fonts/type1/public/amsfonts/cm/cmmi7.pfb><C:/Users/g
ivensjr/AppData/Local/Programs/MiKTeX/fonts/type1/public/amsfonts/cm/cmr10.pfb>
<C:/Users/givensjr/AppData/Local/Programs/MiKTeX/fonts/type1/public/amsfonts/cm
/cmr12.pfb><C:/Users/givensjr/AppData/Local/Programs/MiKTeX/fonts/type1/public/
amsfonts/cm/cmr7.pfb><C:/Users/givensjr/AppData/Local/Programs/MiKTeX/fonts/typ
e1/public/amsfonts/cm/cmr9.pfb><C:/Users/givensjr/AppData/Local/Programs/MiKTeX
/fonts/type1/public/amsfonts/cm/cmsy10.pfb><C:/Users/givensjr/AppData/Local/Pro
grams/MiKTeX/fonts/type1/public/amsfonts/symbols/msbm10.pfb>
Output written on Chapter3PracticeProblems1.pdf (1 page, 91420 bytes).
PDF statistics:
 54 PDF objects out of 1000 (max. 8388607)
 0 named destinations out of 1000 (max. 500000)
 13 words of extra memory for PDF output out of 10000 (max. 10000000)

